<?xml version="1.0" encoding="UTF-8"?>
<testsuite xmlns:xsi="http://www.w3.org/2001/XMLSchema-instance" xsi:noNamespaceSchemaLocation="https://maven.apache.org/surefire/maven-surefire-plugin/xsd/surefire-test-report-3.0.xsd" version="3.0" name="TestSuite" time="122.483" tests="4" errors="0" skipped="0" failures="1">
  <properties>
    <property name="java.specification.version" value="17"/>
    <property name="sun.cpu.isalist" value="amd64"/>
    <property name="sun.jnu.encoding" value="Cp1252"/>
    <property name="java.class.path" value="C:\Users\TTPL-RT-40\Desktop\AutomationFramework-1.0\target\test-classes;C:\Users\TTPL-RT-40\Desktop\AutomationFramework-1.0\target\classes;C:\Users\TTPL-RT-40\.m2\repository\org\projectlombok\lombok\1.18.22\lombok-1.18.22.jar;C:\Users\TTPL-RT-40\.m2\repository\org\apache\maven\maven-core\4.0.0-alpha-5\maven-core-4.0.0-alpha-5.jar;C:\Users\TTPL-RT-40\.m2\repository\org\apache\maven\maven-model\4.0.0-alpha-5\maven-model-4.0.0-alpha-5.jar;C:\Users\TTPL-RT-40\.m2\repository\org\apache\maven\maven-api-model\4.0.0-alpha-5\maven-api-model-4.0.0-alpha-5.jar;C:\Users\TTPL-RT-40\.m2\repository\org\apache\maven\maven-api-xml\4.0.0-alpha-5\maven-api-xml-4.0.0-alpha-5.jar;C:\Users\TTPL-RT-40\.m2\repository\org\apache\maven\maven-xml-impl\4.0.0-alpha-5\maven-xml-impl-4.0.0-alpha-5.jar;C:\Users\TTPL-RT-40\.m2\repository\org\apache\maven\maven-settings\4.0.0-alpha-5\maven-settings-4.0.0-alpha-5.jar;C:\Users\TTPL-RT-40\.m2\repository\org\apache\maven\maven-api-settings\4.0.0-alpha-5\maven-api-settings-4.0.0-alpha-5.jar;C:\Users\TTPL-RT-40\.m2\repository\org\apache\maven\maven-settings-builder\4.0.0-alpha-5\maven-settings-builder-4.0.0-alpha-5.jar;C:\Users\TTPL-RT-40\.m2\repository\org\apache\maven\maven-builder-support\4.0.0-alpha-5\maven-builder-support-4.0.0-alpha-5.jar;C:\Users\TTPL-RT-40\.m2\repository\org\codehaus\plexus\plexus-interpolation\1.26\plexus-interpolation-1.26.jar;C:\Users\TTPL-RT-40\.m2\repository\org\codehaus\plexus\plexus-sec-dispatcher\2.0\plexus-sec-dispatcher-2.0.jar;C:\Users\TTPL-RT-40\.m2\repository\org\codehaus\plexus\plexus-cipher\2.0\plexus-cipher-2.0.jar;C:\Users\TTPL-RT-40\.m2\repository\org\apache\maven\maven-toolchain-model\4.0.0-alpha-5\maven-toolchain-model-4.0.0-alpha-5.jar;C:\Users\TTPL-RT-40\.m2\repository\org\apache\maven\maven-api-toolchain\4.0.0-alpha-5\maven-api-toolchain-4.0.0-alpha-5.jar;C:\Users\TTPL-RT-40\.m2\repository\org\apache\maven\maven-toolchain-builder\4.0.0-alpha-5\maven-toolchain-builder-4.0.0-alpha-5.jar;C:\Users\TTPL-RT-40\.m2\repository\org\apache\maven\maven-repository-metadata\4.0.0-alpha-5\maven-repository-metadata-4.0.0-alpha-5.jar;C:\Users\TTPL-RT-40\.m2\repository\org\apache\maven\maven-artifact\4.0.0-alpha-5\maven-artifact-4.0.0-alpha-5.jar;C:\Users\TTPL-RT-40\.m2\repository\org\apache\maven\maven-plugin-api\4.0.0-alpha-5\maven-plugin-api-4.0.0-alpha-5.jar;C:\Users\TTPL-RT-40\.m2\repository\org\apache\maven\maven-model-builder\4.0.0-alpha-5\maven-model-builder-4.0.0-alpha-5.jar;C:\Users\TTPL-RT-40\.m2\repository\org\apache\maven\maven-model-transform\4.0.0-alpha-5\maven-model-transform-4.0.0-alpha-5.jar;C:\Users\TTPL-RT-40\.m2\repository\org\apache\maven\maven-resolver-provider\4.0.0-alpha-5\maven-resolver-provider-4.0.0-alpha-5.jar;C:\Users\TTPL-RT-40\.m2\repository\org\apache\maven\maven-api-core\4.0.0-alpha-5\maven-api-core-4.0.0-alpha-5.jar;C:\Users\TTPL-RT-40\.m2\repository\org\apache\maven\maven-api-meta\4.0.0-alpha-5\maven-api-meta-4.0.0-alpha-5.jar;C:\Users\TTPL-RT-40\.m2\repository\org\apache\maven\resolver\maven-resolver-impl\1.9.7\maven-resolver-impl-1.9.7.jar;C:\Users\TTPL-RT-40\.m2\repository\org\apache\maven\resolver\maven-resolver-named-locks\1.9.7\maven-resolver-named-locks-1.9.7.jar;C:\Users\TTPL-RT-40\.m2\repository\org\apache\maven\resolver\maven-resolver-api\1.9.7\maven-resolver-api-1.9.7.jar;C:\Users\TTPL-RT-40\.m2\repository\org\apache\maven\resolver\maven-resolver-spi\1.9.7\maven-resolver-spi-1.9.7.jar;C:\Users\TTPL-RT-40\.m2\repository\org\apache\maven\resolver\maven-resolver-util\1.9.7\maven-resolver-util-1.9.7.jar;C:\Users\TTPL-RT-40\.m2\repository\org\apache\maven\shared\maven-shared-utils\3.3.4\maven-shared-utils-3.3.4.jar;C:\Users\TTPL-RT-40\.m2\repository\org\eclipse\sisu\org.eclipse.sisu.plexus\0.3.5\org.eclipse.sisu.plexus-0.3.5.jar;C:\Users\TTPL-RT-40\.m2\repository\javax\annotation\javax.annotation-api\1.2\javax.annotation-api-1.2.jar;C:\Users\TTPL-RT-40\.m2\repository\org\codehaus\plexus\plexus-component-annotations\1.5.5\plexus-component-annotations-1.5.5.jar;C:\Users\TTPL-RT-40\.m2\repository\org\codehaus\plexus\plexus-utils\3.0.24\plexus-utils-3.0.24.jar;C:\Users\TTPL-RT-40\.m2\repository\org\eclipse\sisu\org.eclipse.sisu.inject\0.3.5\org.eclipse.sisu.inject-0.3.5.jar;C:\Users\TTPL-RT-40\.m2\repository\com\google\inject\guice\5.1.0\guice-5.1.0.jar;C:\Users\TTPL-RT-40\.m2\repository\aopalliance\aopalliance\1.0\aopalliance-1.0.jar;C:\Users\TTPL-RT-40\.m2\repository\com\google\guava\failureaccess\1.0.1\failureaccess-1.0.1.jar;C:\Users\TTPL-RT-40\.m2\repository\javax\inject\javax.inject\1\javax.inject-1.jar;C:\Users\TTPL-RT-40\.m2\repository\org\apache\maven\plexus-utils\4.0.0-alpha-5\plexus-utils-4.0.0-alpha-5.jar;C:\Users\TTPL-RT-40\.m2\repository\org\codehaus\plexus\plexus-classworlds\2.6.0\plexus-classworlds-2.6.0.jar;C:\Users\TTPL-RT-40\.m2\repository\org\apache\commons\commons-lang3\3.12.0\commons-lang3-3.12.0.jar;C:\Users\TTPL-RT-40\.m2\repository\org\seleniumhq\selenium\selenium-java\4.11.0\selenium-java-4.11.0.jar;C:\Users\TTPL-RT-40\.m2\repository\org\seleniumhq\selenium\selenium-api\4.11.0\selenium-api-4.11.0.jar;C:\Users\TTPL-RT-40\.m2\repository\org\seleniumhq\selenium\selenium-devtools-v113\4.11.0\selenium-devtools-v113-4.11.0.jar;C:\Users\TTPL-RT-40\.m2\repository\org\seleniumhq\selenium\selenium-devtools-v114\4.11.0\selenium-devtools-v114-4.11.0.jar;C:\Users\TTPL-RT-40\.m2\repository\org\seleniumhq\selenium\selenium-devtools-v115\4.11.0\selenium-devtools-v115-4.11.0.jar;C:\Users\TTPL-RT-40\.m2\repository\org\seleniumhq\selenium\selenium-devtools-v85\4.11.0\selenium-devtools-v85-4.11.0.jar;C:\Users\TTPL-RT-40\.m2\repository\org\seleniumhq\selenium\selenium-edge-driver\4.11.0\selenium-edge-driver-4.11.0.jar;C:\Users\TTPL-RT-40\.m2\repository\org\seleniumhq\selenium\selenium-ie-driver\4.11.0\selenium-ie-driver-4.11.0.jar;C:\Users\TTPL-RT-40\.m2\repository\org\seleniumhq\selenium\selenium-safari-driver\4.11.0\selenium-safari-driver-4.11.0.jar;C:\Users\TTPL-RT-40\.m2\repository\org\seleniumhq\selenium\selenium-support\4.11.0\selenium-support-4.11.0.jar;C:\Users\TTPL-RT-40\.m2\repository\org\testng\testng\7.8.0\testng-7.8.0.jar;C:\Users\TTPL-RT-40\.m2\repository\com\beust\jcommander\1.82\jcommander-1.82.jar;C:\Users\TTPL-RT-40\.m2\repository\org\webjars\jquery\3.6.1\jquery-3.6.1.jar;C:\Users\TTPL-RT-40\.m2\repository\org\seleniumhq\selenium\selenium-remote-driver\4.11.0\selenium-remote-driver-4.11.0.jar;C:\Users\TTPL-RT-40\.m2\repository\com\google\auto\service\auto-service-annotations\1.0.1\auto-service-annotations-1.0.1.jar;C:\Users\TTPL-RT-40\.m2\repository\io\netty\netty-buffer\4.1.92.Final\netty-buffer-4.1.92.Final.jar;C:\Users\TTPL-RT-40\.m2\repository\io\netty\netty-codec-http\4.1.92.Final\netty-codec-http-4.1.92.Final.jar;C:\Users\TTPL-RT-40\.m2\repository\io\netty\netty-codec\4.1.92.Final\netty-codec-4.1.92.Final.jar;C:\Users\TTPL-RT-40\.m2\repository\io\netty\netty-handler\4.1.92.Final\netty-handler-4.1.92.Final.jar;C:\Users\TTPL-RT-40\.m2\repository\io\netty\netty-common\4.1.92.Final\netty-common-4.1.92.Final.jar;C:\Users\TTPL-RT-40\.m2\repository\io\netty\netty-transport-classes-epoll\4.1.92.Final\netty-transport-classes-epoll-4.1.92.Final.jar;C:\Users\TTPL-RT-40\.m2\repository\io\netty\netty-transport-classes-kqueue\4.1.92.Final\netty-transport-classes-kqueue-4.1.92.Final.jar;C:\Users\TTPL-RT-40\.m2\repository\io\netty\netty-transport-native-epoll\4.1.92.Final\netty-transport-native-epoll-4.1.92.Final.jar;C:\Users\TTPL-RT-40\.m2\repository\io\netty\netty-transport-native-kqueue\4.1.92.Final\netty-transport-native-kqueue-4.1.92.Final.jar;C:\Users\TTPL-RT-40\.m2\repository\io\netty\netty-transport-native-unix-common\4.1.92.Final\netty-transport-native-unix-common-4.1.92.Final.jar;C:\Users\TTPL-RT-40\.m2\repository\io\netty\netty-transport\4.1.92.Final\netty-transport-4.1.92.Final.jar;C:\Users\TTPL-RT-40\.m2\repository\io\netty\netty-resolver\4.1.92.Final\netty-resolver-4.1.92.Final.jar;C:\Users\TTPL-RT-40\.m2\repository\io\opentelemetry\opentelemetry-api\1.26.0\opentelemetry-api-1.26.0.jar;C:\Users\TTPL-RT-40\.m2\repository\io\opentelemetry\opentelemetry-context\1.26.0\opentelemetry-context-1.26.0.jar;C:\Users\TTPL-RT-40\.m2\repository\io\opentelemetry\opentelemetry-exporter-logging\1.26.0\opentelemetry-exporter-logging-1.26.0.jar;C:\Users\TTPL-RT-40\.m2\repository\io\opentelemetry\opentelemetry-sdk-metrics\1.26.0\opentelemetry-sdk-metrics-1.26.0.jar;C:\Users\TTPL-RT-40\.m2\repository\io\opentelemetry\opentelemetry-extension-incubator\1.26.0-alpha\opentelemetry-extension-incubator-1.26.0-alpha.jar;C:\Users\TTPL-RT-40\.m2\repository\io\opentelemetry\opentelemetry-sdk-logs\1.26.0-alpha\opentelemetry-sdk-logs-1.26.0-alpha.jar;C:\Users\TTPL-RT-40\.m2\repository\io\opentelemetry\opentelemetry-api-logs\1.26.0-alpha\opentelemetry-api-logs-1.26.0-alpha.jar;C:\Users\TTPL-RT-40\.m2\repository\io\opentelemetry\opentelemetry-api-events\1.26.0-alpha\opentelemetry-api-events-1.26.0-alpha.jar;C:\Users\TTPL-RT-40\.m2\repository\io\opentelemetry\opentelemetry-sdk-common\1.26.0\opentelemetry-sdk-common-1.26.0.jar;C:\Users\TTPL-RT-40\.m2\repository\io\opentelemetry\opentelemetry-sdk-extension-autoconfigure-spi\1.26.0\opentelemetry-sdk-extension-autoconfigure-spi-1.26.0.jar;C:\Users\TTPL-RT-40\.m2\repository\io\opentelemetry\opentelemetry-sdk-extension-autoconfigure\1.26.0-alpha\opentelemetry-sdk-extension-autoconfigure-1.26.0-alpha.jar;C:\Users\TTPL-RT-40\.m2\repository\io\opentelemetry\opentelemetry-sdk-trace\1.26.0\opentelemetry-sdk-trace-1.26.0.jar;C:\Users\TTPL-RT-40\.m2\repository\io\opentelemetry\opentelemetry-sdk\1.26.0\opentelemetry-sdk-1.26.0.jar;C:\Users\TTPL-RT-40\.m2\repository\io\opentelemetry\opentelemetry-semconv\1.26.0-alpha\opentelemetry-semconv-1.26.0-alpha.jar;C:\Users\TTPL-RT-40\.m2\repository\net\bytebuddy\byte-buddy\1.14.4\byte-buddy-1.14.4.jar;C:\Users\TTPL-RT-40\.m2\repository\org\apache\commons\commons-exec\1.3\commons-exec-1.3.jar;C:\Users\TTPL-RT-40\.m2\repository\org\asynchttpclient\async-http-client\2.12.3\async-http-client-2.12.3.jar;C:\Users\TTPL-RT-40\.m2\repository\org\asynchttpclient\async-http-client-netty-utils\2.12.3\async-http-client-netty-utils-2.12.3.jar;C:\Users\TTPL-RT-40\.m2\repository\io\netty\netty-codec-socks\4.1.60.Final\netty-codec-socks-4.1.60.Final.jar;C:\Users\TTPL-RT-40\.m2\repository\io\netty\netty-handler-proxy\4.1.60.Final\netty-handler-proxy-4.1.60.Final.jar;C:\Users\TTPL-RT-40\.m2\repository\io\netty\netty-transport-native-epoll\4.1.60.Final\netty-transport-native-epoll-4.1.60.Final-linux-x86_64.jar;C:\Users\TTPL-RT-40\.m2\repository\io\netty\netty-transport-native-kqueue\4.1.60.Final\netty-transport-native-kqueue-4.1.60.Final-osx-x86_64.jar;C:\Users\TTPL-RT-40\.m2\repository\org\reactivestreams\reactive-streams\1.0.3\reactive-streams-1.0.3.jar;C:\Users\TTPL-RT-40\.m2\repository\com\typesafe\netty\netty-reactive-streams\2.0.4\netty-reactive-streams-2.0.4.jar;C:\Users\TTPL-RT-40\.m2\repository\com\sun\activation\jakarta.activation\1.2.2\jakarta.activation-1.2.2.jar;C:\Users\TTPL-RT-40\.m2\repository\org\seleniumhq\selenium\selenium-http\4.11.0\selenium-http-4.11.0.jar;C:\Users\TTPL-RT-40\.m2\repository\dev\failsafe\failsafe\3.3.1\failsafe-3.3.1.jar;C:\Users\TTPL-RT-40\.m2\repository\org\seleniumhq\selenium\selenium-json\4.11.0\selenium-json-4.11.0.jar;C:\Users\TTPL-RT-40\.m2\repository\org\seleniumhq\selenium\selenium-manager\4.11.0\selenium-manager-4.11.0.jar;C:\Users\TTPL-RT-40\.m2\repository\io\github\bonigarcia\webdrivermanager\5.4.1\webdrivermanager-5.4.1.jar;C:\Users\TTPL-RT-40\.m2\repository\com\google\code\gson\gson\2.10.1\gson-2.10.1.jar;C:\Users\TTPL-RT-40\.m2\repository\com\github\docker-java\docker-java\3.3.2\docker-java-3.3.2.jar;C:\Users\TTPL-RT-40\.m2\repository\com\github\docker-java\docker-java-core\3.3.2\docker-java-core-3.3.2.jar;C:\Users\TTPL-RT-40\.m2\repository\com\github\docker-java\docker-java-api\3.3.2\docker-java-api-3.3.2.jar;C:\Users\TTPL-RT-40\.m2\repository\com\fasterxml\jackson\core\jackson-annotations\2.10.3\jackson-annotations-2.10.3.jar;C:\Users\TTPL-RT-40\.m2\repository\com\fasterxml\jackson\core\jackson-databind\2.10.3\jackson-databind-2.10.3.jar;C:\Users\TTPL-RT-40\.m2\repository\com\fasterxml\jackson\core\jackson-core\2.10.3\jackson-core-2.10.3.jar;C:\Users\TTPL-RT-40\.m2\repository\org\bouncycastle\bcpkix-jdk15on\1.64\bcpkix-jdk15on-1.64.jar;C:\Users\TTPL-RT-40\.m2\repository\org\bouncycastle\bcprov-jdk15on\1.64\bcprov-jdk15on-1.64.jar;C:\Users\TTPL-RT-40\.m2\repository\org\slf4j\jcl-over-slf4j\1.7.30\jcl-over-slf4j-1.7.30.jar;C:\Users\TTPL-RT-40\.m2\repository\com\github\docker-java\docker-java-transport-httpclient5\3.3.2\docker-java-transport-httpclient5-3.3.2.jar;C:\Users\TTPL-RT-40\.m2\repository\com\github\docker-java\docker-java-transport\3.3.2\docker-java-transport-3.3.2.jar;C:\Users\TTPL-RT-40\.m2\repository\net\java\dev\jna\jna\5.12.1\jna-5.12.1.jar;C:\Users\TTPL-RT-40\.m2\repository\org\brotli\dec\0.1.2\dec-0.1.2.jar;C:\Users\TTPL-RT-40\.m2\repository\org\apache\httpcomponents\client5\httpclient5\5.2.1\httpclient5-5.2.1.jar;C:\Users\TTPL-RT-40\.m2\repository\org\apache\httpcomponents\core5\httpcore5\5.2\httpcore5-5.2.jar;C:\Users\TTPL-RT-40\.m2\repository\org\apache\httpcomponents\core5\httpcore5-h2\5.2\httpcore5-h2-5.2.jar;C:\Users\TTPL-RT-40\.m2\repository\com\selva\selva-util\1.0\selva-util-1.0.jar;C:\Users\TTPL-RT-40\.m2\repository\io\qameta\allure\allure-java-commons\2.23.0\allure-java-commons-2.23.0.jar;C:\Users\TTPL-RT-40\.m2\repository\io\qameta\allure\allure-model\2.23.0\allure-model-2.23.0.jar;C:\Users\TTPL-RT-40\.m2\repository\org\slf4j\slf4j-api\2.0.7\slf4j-api-2.0.7.jar;C:\Users\TTPL-RT-40\.m2\repository\org\apache\logging\log4j\log4j-core\3.0.0-alpha1\log4j-core-3.0.0-alpha1.jar;C:\Users\TTPL-RT-40\.m2\repository\org\apache\logging\log4j\log4j-api\3.0.0-alpha1\log4j-api-3.0.0-alpha1.jar;C:\Users\TTPL-RT-40\.m2\repository\org\apache\logging\log4j\log4j-plugins\3.0.0-alpha1\log4j-plugins-3.0.0-alpha1.jar;C:\Users\TTPL-RT-40\.m2\repository\javax\activation\javax.activation-api\1.2.0\javax.activation-api-1.2.0.jar;C:\Users\TTPL-RT-40\.m2\repository\javax\xml\bind\jaxb-api\2.3.1\jaxb-api-2.3.1.jar;C:\Users\TTPL-RT-40\.m2\repository\com\fasterxml\woodstox\woodstox-core\6.5.0\woodstox-core-6.5.0.jar;C:\Users\TTPL-RT-40\.m2\repository\org\codehaus\woodstox\stax2-api\4.2.1\stax2-api-4.2.1.jar;C:\Users\TTPL-RT-40\.m2\repository\org\seleniumhq\selenium\selenium-chrome-driver\4.11.0\selenium-chrome-driver-4.11.0.jar;C:\Users\TTPL-RT-40\.m2\repository\org\seleniumhq\selenium\selenium-chromium-driver\4.11.0\selenium-chromium-driver-4.11.0.jar;C:\Users\TTPL-RT-40\.m2\repository\com\google\guava\guava\32.1.2-jre\guava-32.1.2-jre.jar;C:\Users\TTPL-RT-40\.m2\repository\com\google\guava\listenablefuture\9999.0-empty-to-avoid-conflict-with-guava\listenablefuture-9999.0-empty-to-avoid-conflict-with-guava.jar;C:\Users\TTPL-RT-40\.m2\repository\com\google\code\findbugs\jsr305\3.0.2\jsr305-3.0.2.jar;C:\Users\TTPL-RT-40\.m2\repository\org\checkerframework\checker-qual\3.33.0\checker-qual-3.33.0.jar;C:\Users\TTPL-RT-40\.m2\repository\com\google\errorprone\error_prone_annotations\2.18.0\error_prone_annotations-2.18.0.jar;C:\Users\TTPL-RT-40\.m2\repository\com\google\j2objc\j2objc-annotations\2.8\j2objc-annotations-2.8.jar;C:\Users\TTPL-RT-40\.m2\repository\org\apache\poi\poi-ooxml\5.2.3\poi-ooxml-5.2.3.jar;C:\Users\TTPL-RT-40\.m2\repository\org\apache\poi\poi\5.2.3\poi-5.2.3.jar;C:\Users\TTPL-RT-40\.m2\repository\commons-codec\commons-codec\1.15\commons-codec-1.15.jar;C:\Users\TTPL-RT-40\.m2\repository\org\apache\commons\commons-math3\3.6.1\commons-math3-3.6.1.jar;C:\Users\TTPL-RT-40\.m2\repository\com\zaxxer\SparseBitSet\1.2\SparseBitSet-1.2.jar;C:\Users\TTPL-RT-40\.m2\repository\org\apache\poi\poi-ooxml-lite\5.2.3\poi-ooxml-lite-5.2.3.jar;C:\Users\TTPL-RT-40\.m2\repository\org\apache\xmlbeans\xmlbeans\5.1.1\xmlbeans-5.1.1.jar;C:\Users\TTPL-RT-40\.m2\repository\org\apache\commons\commons-compress\1.21\commons-compress-1.21.jar;C:\Users\TTPL-RT-40\.m2\repository\commons-io\commons-io\2.11.0\commons-io-2.11.0.jar;C:\Users\TTPL-RT-40\.m2\repository\com\github\virtuald\curvesapi\1.07\curvesapi-1.07.jar;C:\Users\TTPL-RT-40\.m2\repository\org\apache\commons\commons-collections4\4.4\commons-collections4-4.4.jar;C:\Users\TTPL-RT-40\.m2\repository\org\apache\poi\poi-ooxml-schemas\4.1.2\poi-ooxml-schemas-4.1.2.jar;C:\Users\TTPL-RT-40\.m2\repository\com\aventstack\extentreports\5.0.9\extentreports-5.0.9.jar;C:\Users\TTPL-RT-40\.m2\repository\io\reactivex\rxjava3\rxjava\3.0.4\rxjava-3.0.4.jar;C:\Users\TTPL-RT-40\.m2\repository\org\freemarker\freemarker\2.3.30\freemarker-2.3.30.jar;C:\Users\TTPL-RT-40\.m2\repository\org\seleniumhq\selenium\selenium-firefox-driver\4.11.0\selenium-firefox-driver-4.11.0.jar;C:\Users\TTPL-RT-40\.m2\repository\org\json\json\20230618\json-20230618.jar;"/>
    <property name="java.vm.vendor" value="Oracle Corporation"/>
    <property name="sun.arch.data.model" value="64"/>
    <property name="user.variant" value=""/>
    <property name="java.vendor.url" value="https://java.oracle.com/"/>
    <property name="user.timezone" value="Asia/Calcutta"/>
    <property name="os.name" value="Windows 10"/>
    <property name="java.vm.specification.version" value="17"/>
    <property name="sun.java.launcher" value="SUN_STANDARD"/>
    <property name="user.country" value="IN"/>
    <property name="sun.boot.library.path" value="C:\Program Files\Java\jdk-17\bin"/>
    <property name="sun.java.command" value="C:\Users\TTPL-RT-40\AppData\Local\Temp\surefire3457820562717756553\surefirebooter-20231017175114552_3.jar C:\Users\TTPL-RT-40\AppData\Local\Temp\surefire3457820562717756553 2023-10-17T17-51-14_116-jvmRun1 surefire-20231017175114552_1tmp surefire_0-20231017175114552_2tmp"/>
    <property name="jdk.debug" value="release"/>
    <property name="surefire.test.class.path" value="C:\Users\TTPL-RT-40\Desktop\AutomationFramework-1.0\target\test-classes;C:\Users\TTPL-RT-40\Desktop\AutomationFramework-1.0\target\classes;C:\Users\TTPL-RT-40\.m2\repository\org\projectlombok\lombok\1.18.22\lombok-1.18.22.jar;C:\Users\TTPL-RT-40\.m2\repository\org\apache\maven\maven-core\4.0.0-alpha-5\maven-core-4.0.0-alpha-5.jar;C:\Users\TTPL-RT-40\.m2\repository\org\apache\maven\maven-model\4.0.0-alpha-5\maven-model-4.0.0-alpha-5.jar;C:\Users\TTPL-RT-40\.m2\repository\org\apache\maven\maven-api-model\4.0.0-alpha-5\maven-api-model-4.0.0-alpha-5.jar;C:\Users\TTPL-RT-40\.m2\repository\org\apache\maven\maven-api-xml\4.0.0-alpha-5\maven-api-xml-4.0.0-alpha-5.jar;C:\Users\TTPL-RT-40\.m2\repository\org\apache\maven\maven-xml-impl\4.0.0-alpha-5\maven-xml-impl-4.0.0-alpha-5.jar;C:\Users\TTPL-RT-40\.m2\repository\org\apache\maven\maven-settings\4.0.0-alpha-5\maven-settings-4.0.0-alpha-5.jar;C:\Users\TTPL-RT-40\.m2\repository\org\apache\maven\maven-api-settings\4.0.0-alpha-5\maven-api-settings-4.0.0-alpha-5.jar;C:\Users\TTPL-RT-40\.m2\repository\org\apache\maven\maven-settings-builder\4.0.0-alpha-5\maven-settings-builder-4.0.0-alpha-5.jar;C:\Users\TTPL-RT-40\.m2\repository\org\apache\maven\maven-builder-support\4.0.0-alpha-5\maven-builder-support-4.0.0-alpha-5.jar;C:\Users\TTPL-RT-40\.m2\repository\org\codehaus\plexus\plexus-interpolation\1.26\plexus-interpolation-1.26.jar;C:\Users\TTPL-RT-40\.m2\repository\org\codehaus\plexus\plexus-sec-dispatcher\2.0\plexus-sec-dispatcher-2.0.jar;C:\Users\TTPL-RT-40\.m2\repository\org\codehaus\plexus\plexus-cipher\2.0\plexus-cipher-2.0.jar;C:\Users\TTPL-RT-40\.m2\repository\org\apache\maven\maven-toolchain-model\4.0.0-alpha-5\maven-toolchain-model-4.0.0-alpha-5.jar;C:\Users\TTPL-RT-40\.m2\repository\org\apache\maven\maven-api-toolchain\4.0.0-alpha-5\maven-api-toolchain-4.0.0-alpha-5.jar;C:\Users\TTPL-RT-40\.m2\repository\org\apache\maven\maven-toolchain-builder\4.0.0-alpha-5\maven-toolchain-builder-4.0.0-alpha-5.jar;C:\Users\TTPL-RT-40\.m2\repository\org\apache\maven\maven-repository-metadata\4.0.0-alpha-5\maven-repository-metadata-4.0.0-alpha-5.jar;C:\Users\TTPL-RT-40\.m2\repository\org\apache\maven\maven-artifact\4.0.0-alpha-5\maven-artifact-4.0.0-alpha-5.jar;C:\Users\TTPL-RT-40\.m2\repository\org\apache\maven\maven-plugin-api\4.0.0-alpha-5\maven-plugin-api-4.0.0-alpha-5.jar;C:\Users\TTPL-RT-40\.m2\repository\org\apache\maven\maven-model-builder\4.0.0-alpha-5\maven-model-builder-4.0.0-alpha-5.jar;C:\Users\TTPL-RT-40\.m2\repository\org\apache\maven\maven-model-transform\4.0.0-alpha-5\maven-model-transform-4.0.0-alpha-5.jar;C:\Users\TTPL-RT-40\.m2\repository\org\apache\maven\maven-resolver-provider\4.0.0-alpha-5\maven-resolver-provider-4.0.0-alpha-5.jar;C:\Users\TTPL-RT-40\.m2\repository\org\apache\maven\maven-api-core\4.0.0-alpha-5\maven-api-core-4.0.0-alpha-5.jar;C:\Users\TTPL-RT-40\.m2\repository\org\apache\maven\maven-api-meta\4.0.0-alpha-5\maven-api-meta-4.0.0-alpha-5.jar;C:\Users\TTPL-RT-40\.m2\repository\org\apache\maven\resolver\maven-resolver-impl\1.9.7\maven-resolver-impl-1.9.7.jar;C:\Users\TTPL-RT-40\.m2\repository\org\apache\maven\resolver\maven-resolver-named-locks\1.9.7\maven-resolver-named-locks-1.9.7.jar;C:\Users\TTPL-RT-40\.m2\repository\org\apache\maven\resolver\maven-resolver-api\1.9.7\maven-resolver-api-1.9.7.jar;C:\Users\TTPL-RT-40\.m2\repository\org\apache\maven\resolver\maven-resolver-spi\1.9.7\maven-resolver-spi-1.9.7.jar;C:\Users\TTPL-RT-40\.m2\repository\org\apache\maven\resolver\maven-resolver-util\1.9.7\maven-resolver-util-1.9.7.jar;C:\Users\TTPL-RT-40\.m2\repository\org\apache\maven\shared\maven-shared-utils\3.3.4\maven-shared-utils-3.3.4.jar;C:\Users\TTPL-RT-40\.m2\repository\org\eclipse\sisu\org.eclipse.sisu.plexus\0.3.5\org.eclipse.sisu.plexus-0.3.5.jar;C:\Users\TTPL-RT-40\.m2\repository\javax\annotation\javax.annotation-api\1.2\javax.annotation-api-1.2.jar;C:\Users\TTPL-RT-40\.m2\repository\org\codehaus\plexus\plexus-component-annotations\1.5.5\plexus-component-annotations-1.5.5.jar;C:\Users\TTPL-RT-40\.m2\repository\org\codehaus\plexus\plexus-utils\3.0.24\plexus-utils-3.0.24.jar;C:\Users\TTPL-RT-40\.m2\repository\org\eclipse\sisu\org.eclipse.sisu.inject\0.3.5\org.eclipse.sisu.inject-0.3.5.jar;C:\Users\TTPL-RT-40\.m2\repository\com\google\inject\guice\5.1.0\guice-5.1.0.jar;C:\Users\TTPL-RT-40\.m2\repository\aopalliance\aopalliance\1.0\aopalliance-1.0.jar;C:\Users\TTPL-RT-40\.m2\repository\com\google\guava\failureaccess\1.0.1\failureaccess-1.0.1.jar;C:\Users\TTPL-RT-40\.m2\repository\javax\inject\javax.inject\1\javax.inject-1.jar;C:\Users\TTPL-RT-40\.m2\repository\org\apache\maven\plexus-utils\4.0.0-alpha-5\plexus-utils-4.0.0-alpha-5.jar;C:\Users\TTPL-RT-40\.m2\repository\org\codehaus\plexus\plexus-classworlds\2.6.0\plexus-classworlds-2.6.0.jar;C:\Users\TTPL-RT-40\.m2\repository\org\apache\commons\commons-lang3\3.12.0\commons-lang3-3.12.0.jar;C:\Users\TTPL-RT-40\.m2\repository\org\seleniumhq\selenium\selenium-java\4.11.0\selenium-java-4.11.0.jar;C:\Users\TTPL-RT-40\.m2\repository\org\seleniumhq\selenium\selenium-api\4.11.0\selenium-api-4.11.0.jar;C:\Users\TTPL-RT-40\.m2\repository\org\seleniumhq\selenium\selenium-devtools-v113\4.11.0\selenium-devtools-v113-4.11.0.jar;C:\Users\TTPL-RT-40\.m2\repository\org\seleniumhq\selenium\selenium-devtools-v114\4.11.0\selenium-devtools-v114-4.11.0.jar;C:\Users\TTPL-RT-40\.m2\repository\org\seleniumhq\selenium\selenium-devtools-v115\4.11.0\selenium-devtools-v115-4.11.0.jar;C:\Users\TTPL-RT-40\.m2\repository\org\seleniumhq\selenium\selenium-devtools-v85\4.11.0\selenium-devtools-v85-4.11.0.jar;C:\Users\TTPL-RT-40\.m2\repository\org\seleniumhq\selenium\selenium-edge-driver\4.11.0\selenium-edge-driver-4.11.0.jar;C:\Users\TTPL-RT-40\.m2\repository\org\seleniumhq\selenium\selenium-ie-driver\4.11.0\selenium-ie-driver-4.11.0.jar;C:\Users\TTPL-RT-40\.m2\repository\org\seleniumhq\selenium\selenium-safari-driver\4.11.0\selenium-safari-driver-4.11.0.jar;C:\Users\TTPL-RT-40\.m2\repository\org\seleniumhq\selenium\selenium-support\4.11.0\selenium-support-4.11.0.jar;C:\Users\TTPL-RT-40\.m2\repository\org\testng\testng\7.8.0\testng-7.8.0.jar;C:\Users\TTPL-RT-40\.m2\repository\com\beust\jcommander\1.82\jcommander-1.82.jar;C:\Users\TTPL-RT-40\.m2\repository\org\webjars\jquery\3.6.1\jquery-3.6.1.jar;C:\Users\TTPL-RT-40\.m2\repository\org\seleniumhq\selenium\selenium-remote-driver\4.11.0\selenium-remote-driver-4.11.0.jar;C:\Users\TTPL-RT-40\.m2\repository\com\google\auto\service\auto-service-annotations\1.0.1\auto-service-annotations-1.0.1.jar;C:\Users\TTPL-RT-40\.m2\repository\io\netty\netty-buffer\4.1.92.Final\netty-buffer-4.1.92.Final.jar;C:\Users\TTPL-RT-40\.m2\repository\io\netty\netty-codec-http\4.1.92.Final\netty-codec-http-4.1.92.Final.jar;C:\Users\TTPL-RT-40\.m2\repository\io\netty\netty-codec\4.1.92.Final\netty-codec-4.1.92.Final.jar;C:\Users\TTPL-RT-40\.m2\repository\io\netty\netty-handler\4.1.92.Final\netty-handler-4.1.92.Final.jar;C:\Users\TTPL-RT-40\.m2\repository\io\netty\netty-common\4.1.92.Final\netty-common-4.1.92.Final.jar;C:\Users\TTPL-RT-40\.m2\repository\io\netty\netty-transport-classes-epoll\4.1.92.Final\netty-transport-classes-epoll-4.1.92.Final.jar;C:\Users\TTPL-RT-40\.m2\repository\io\netty\netty-transport-classes-kqueue\4.1.92.Final\netty-transport-classes-kqueue-4.1.92.Final.jar;C:\Users\TTPL-RT-40\.m2\repository\io\netty\netty-transport-native-epoll\4.1.92.Final\netty-transport-native-epoll-4.1.92.Final.jar;C:\Users\TTPL-RT-40\.m2\repository\io\netty\netty-transport-native-kqueue\4.1.92.Final\netty-transport-native-kqueue-4.1.92.Final.jar;C:\Users\TTPL-RT-40\.m2\repository\io\netty\netty-transport-native-unix-common\4.1.92.Final\netty-transport-native-unix-common-4.1.92.Final.jar;C:\Users\TTPL-RT-40\.m2\repository\io\netty\netty-transport\4.1.92.Final\netty-transport-4.1.92.Final.jar;C:\Users\TTPL-RT-40\.m2\repository\io\netty\netty-resolver\4.1.92.Final\netty-resolver-4.1.92.Final.jar;C:\Users\TTPL-RT-40\.m2\repository\io\opentelemetry\opentelemetry-api\1.26.0\opentelemetry-api-1.26.0.jar;C:\Users\TTPL-RT-40\.m2\repository\io\opentelemetry\opentelemetry-context\1.26.0\opentelemetry-context-1.26.0.jar;C:\Users\TTPL-RT-40\.m2\repository\io\opentelemetry\opentelemetry-exporter-logging\1.26.0\opentelemetry-exporter-logging-1.26.0.jar;C:\Users\TTPL-RT-40\.m2\repository\io\opentelemetry\opentelemetry-sdk-metrics\1.26.0\opentelemetry-sdk-metrics-1.26.0.jar;C:\Users\TTPL-RT-40\.m2\repository\io\opentelemetry\opentelemetry-extension-incubator\1.26.0-alpha\opentelemetry-extension-incubator-1.26.0-alpha.jar;C:\Users\TTPL-RT-40\.m2\repository\io\opentelemetry\opentelemetry-sdk-logs\1.26.0-alpha\opentelemetry-sdk-logs-1.26.0-alpha.jar;C:\Users\TTPL-RT-40\.m2\repository\io\opentelemetry\opentelemetry-api-logs\1.26.0-alpha\opentelemetry-api-logs-1.26.0-alpha.jar;C:\Users\TTPL-RT-40\.m2\repository\io\opentelemetry\opentelemetry-api-events\1.26.0-alpha\opentelemetry-api-events-1.26.0-alpha.jar;C:\Users\TTPL-RT-40\.m2\repository\io\opentelemetry\opentelemetry-sdk-common\1.26.0\opentelemetry-sdk-common-1.26.0.jar;C:\Users\TTPL-RT-40\.m2\repository\io\opentelemetry\opentelemetry-sdk-extension-autoconfigure-spi\1.26.0\opentelemetry-sdk-extension-autoconfigure-spi-1.26.0.jar;C:\Users\TTPL-RT-40\.m2\repository\io\opentelemetry\opentelemetry-sdk-extension-autoconfigure\1.26.0-alpha\opentelemetry-sdk-extension-autoconfigure-1.26.0-alpha.jar;C:\Users\TTPL-RT-40\.m2\repository\io\opentelemetry\opentelemetry-sdk-trace\1.26.0\opentelemetry-sdk-trace-1.26.0.jar;C:\Users\TTPL-RT-40\.m2\repository\io\opentelemetry\opentelemetry-sdk\1.26.0\opentelemetry-sdk-1.26.0.jar;C:\Users\TTPL-RT-40\.m2\repository\io\opentelemetry\opentelemetry-semconv\1.26.0-alpha\opentelemetry-semconv-1.26.0-alpha.jar;C:\Users\TTPL-RT-40\.m2\repository\net\bytebuddy\byte-buddy\1.14.4\byte-buddy-1.14.4.jar;C:\Users\TTPL-RT-40\.m2\repository\org\apache\commons\commons-exec\1.3\commons-exec-1.3.jar;C:\Users\TTPL-RT-40\.m2\repository\org\asynchttpclient\async-http-client\2.12.3\async-http-client-2.12.3.jar;C:\Users\TTPL-RT-40\.m2\repository\org\asynchttpclient\async-http-client-netty-utils\2.12.3\async-http-client-netty-utils-2.12.3.jar;C:\Users\TTPL-RT-40\.m2\repository\io\netty\netty-codec-socks\4.1.60.Final\netty-codec-socks-4.1.60.Final.jar;C:\Users\TTPL-RT-40\.m2\repository\io\netty\netty-handler-proxy\4.1.60.Final\netty-handler-proxy-4.1.60.Final.jar;C:\Users\TTPL-RT-40\.m2\repository\io\netty\netty-transport-native-epoll\4.1.60.Final\netty-transport-native-epoll-4.1.60.Final-linux-x86_64.jar;C:\Users\TTPL-RT-40\.m2\repository\io\netty\netty-transport-native-kqueue\4.1.60.Final\netty-transport-native-kqueue-4.1.60.Final-osx-x86_64.jar;C:\Users\TTPL-RT-40\.m2\repository\org\reactivestreams\reactive-streams\1.0.3\reactive-streams-1.0.3.jar;C:\Users\TTPL-RT-40\.m2\repository\com\typesafe\netty\netty-reactive-streams\2.0.4\netty-reactive-streams-2.0.4.jar;C:\Users\TTPL-RT-40\.m2\repository\com\sun\activation\jakarta.activation\1.2.2\jakarta.activation-1.2.2.jar;C:\Users\TTPL-RT-40\.m2\repository\org\seleniumhq\selenium\selenium-http\4.11.0\selenium-http-4.11.0.jar;C:\Users\TTPL-RT-40\.m2\repository\dev\failsafe\failsafe\3.3.1\failsafe-3.3.1.jar;C:\Users\TTPL-RT-40\.m2\repository\org\seleniumhq\selenium\selenium-json\4.11.0\selenium-json-4.11.0.jar;C:\Users\TTPL-RT-40\.m2\repository\org\seleniumhq\selenium\selenium-manager\4.11.0\selenium-manager-4.11.0.jar;C:\Users\TTPL-RT-40\.m2\repository\io\github\bonigarcia\webdrivermanager\5.4.1\webdrivermanager-5.4.1.jar;C:\Users\TTPL-RT-40\.m2\repository\com\google\code\gson\gson\2.10.1\gson-2.10.1.jar;C:\Users\TTPL-RT-40\.m2\repository\com\github\docker-java\docker-java\3.3.2\docker-java-3.3.2.jar;C:\Users\TTPL-RT-40\.m2\repository\com\github\docker-java\docker-java-core\3.3.2\docker-java-core-3.3.2.jar;C:\Users\TTPL-RT-40\.m2\repository\com\github\docker-java\docker-java-api\3.3.2\docker-java-api-3.3.2.jar;C:\Users\TTPL-RT-40\.m2\repository\com\fasterxml\jackson\core\jackson-annotations\2.10.3\jackson-annotations-2.10.3.jar;C:\Users\TTPL-RT-40\.m2\repository\com\fasterxml\jackson\core\jackson-databind\2.10.3\jackson-databind-2.10.3.jar;C:\Users\TTPL-RT-40\.m2\repository\com\fasterxml\jackson\core\jackson-core\2.10.3\jackson-core-2.10.3.jar;C:\Users\TTPL-RT-40\.m2\repository\org\bouncycastle\bcpkix-jdk15on\1.64\bcpkix-jdk15on-1.64.jar;C:\Users\TTPL-RT-40\.m2\repository\org\bouncycastle\bcprov-jdk15on\1.64\bcprov-jdk15on-1.64.jar;C:\Users\TTPL-RT-40\.m2\repository\org\slf4j\jcl-over-slf4j\1.7.30\jcl-over-slf4j-1.7.30.jar;C:\Users\TTPL-RT-40\.m2\repository\com\github\docker-java\docker-java-transport-httpclient5\3.3.2\docker-java-transport-httpclient5-3.3.2.jar;C:\Users\TTPL-RT-40\.m2\repository\com\github\docker-java\docker-java-transport\3.3.2\docker-java-transport-3.3.2.jar;C:\Users\TTPL-RT-40\.m2\repository\net\java\dev\jna\jna\5.12.1\jna-5.12.1.jar;C:\Users\TTPL-RT-40\.m2\repository\org\brotli\dec\0.1.2\dec-0.1.2.jar;C:\Users\TTPL-RT-40\.m2\repository\org\apache\httpcomponents\client5\httpclient5\5.2.1\httpclient5-5.2.1.jar;C:\Users\TTPL-RT-40\.m2\repository\org\apache\httpcomponents\core5\httpcore5\5.2\httpcore5-5.2.jar;C:\Users\TTPL-RT-40\.m2\repository\org\apache\httpcomponents\core5\httpcore5-h2\5.2\httpcore5-h2-5.2.jar;C:\Users\TTPL-RT-40\.m2\repository\com\selva\selva-util\1.0\selva-util-1.0.jar;C:\Users\TTPL-RT-40\.m2\repository\io\qameta\allure\allure-java-commons\2.23.0\allure-java-commons-2.23.0.jar;C:\Users\TTPL-RT-40\.m2\repository\io\qameta\allure\allure-model\2.23.0\allure-model-2.23.0.jar;C:\Users\TTPL-RT-40\.m2\repository\org\slf4j\slf4j-api\2.0.7\slf4j-api-2.0.7.jar;C:\Users\TTPL-RT-40\.m2\repository\org\apache\logging\log4j\log4j-core\3.0.0-alpha1\log4j-core-3.0.0-alpha1.jar;C:\Users\TTPL-RT-40\.m2\repository\org\apache\logging\log4j\log4j-api\3.0.0-alpha1\log4j-api-3.0.0-alpha1.jar;C:\Users\TTPL-RT-40\.m2\repository\org\apache\logging\log4j\log4j-plugins\3.0.0-alpha1\log4j-plugins-3.0.0-alpha1.jar;C:\Users\TTPL-RT-40\.m2\repository\javax\activation\javax.activation-api\1.2.0\javax.activation-api-1.2.0.jar;C:\Users\TTPL-RT-40\.m2\repository\javax\xml\bind\jaxb-api\2.3.1\jaxb-api-2.3.1.jar;C:\Users\TTPL-RT-40\.m2\repository\com\fasterxml\woodstox\woodstox-core\6.5.0\woodstox-core-6.5.0.jar;C:\Users\TTPL-RT-40\.m2\repository\org\codehaus\woodstox\stax2-api\4.2.1\stax2-api-4.2.1.jar;C:\Users\TTPL-RT-40\.m2\repository\org\seleniumhq\selenium\selenium-chrome-driver\4.11.0\selenium-chrome-driver-4.11.0.jar;C:\Users\TTPL-RT-40\.m2\repository\org\seleniumhq\selenium\selenium-chromium-driver\4.11.0\selenium-chromium-driver-4.11.0.jar;C:\Users\TTPL-RT-40\.m2\repository\com\google\guava\guava\32.1.2-jre\guava-32.1.2-jre.jar;C:\Users\TTPL-RT-40\.m2\repository\com\google\guava\listenablefuture\9999.0-empty-to-avoid-conflict-with-guava\listenablefuture-9999.0-empty-to-avoid-conflict-with-guava.jar;C:\Users\TTPL-RT-40\.m2\repository\com\google\code\findbugs\jsr305\3.0.2\jsr305-3.0.2.jar;C:\Users\TTPL-RT-40\.m2\repository\org\checkerframework\checker-qual\3.33.0\checker-qual-3.33.0.jar;C:\Users\TTPL-RT-40\.m2\repository\com\google\errorprone\error_prone_annotations\2.18.0\error_prone_annotations-2.18.0.jar;C:\Users\TTPL-RT-40\.m2\repository\com\google\j2objc\j2objc-annotations\2.8\j2objc-annotations-2.8.jar;C:\Users\TTPL-RT-40\.m2\repository\org\apache\poi\poi-ooxml\5.2.3\poi-ooxml-5.2.3.jar;C:\Users\TTPL-RT-40\.m2\repository\org\apache\poi\poi\5.2.3\poi-5.2.3.jar;C:\Users\TTPL-RT-40\.m2\repository\commons-codec\commons-codec\1.15\commons-codec-1.15.jar;C:\Users\TTPL-RT-40\.m2\repository\org\apache\commons\commons-math3\3.6.1\commons-math3-3.6.1.jar;C:\Users\TTPL-RT-40\.m2\repository\com\zaxxer\SparseBitSet\1.2\SparseBitSet-1.2.jar;C:\Users\TTPL-RT-40\.m2\repository\org\apache\poi\poi-ooxml-lite\5.2.3\poi-ooxml-lite-5.2.3.jar;C:\Users\TTPL-RT-40\.m2\repository\org\apache\xmlbeans\xmlbeans\5.1.1\xmlbeans-5.1.1.jar;C:\Users\TTPL-RT-40\.m2\repository\org\apache\commons\commons-compress\1.21\commons-compress-1.21.jar;C:\Users\TTPL-RT-40\.m2\repository\commons-io\commons-io\2.11.0\commons-io-2.11.0.jar;C:\Users\TTPL-RT-40\.m2\repository\com\github\virtuald\curvesapi\1.07\curvesapi-1.07.jar;C:\Users\TTPL-RT-40\.m2\repository\org\apache\commons\commons-collections4\4.4\commons-collections4-4.4.jar;C:\Users\TTPL-RT-40\.m2\repository\org\apache\poi\poi-ooxml-schemas\4.1.2\poi-ooxml-schemas-4.1.2.jar;C:\Users\TTPL-RT-40\.m2\repository\com\aventstack\extentreports\5.0.9\extentreports-5.0.9.jar;C:\Users\TTPL-RT-40\.m2\repository\io\reactivex\rxjava3\rxjava\3.0.4\rxjava-3.0.4.jar;C:\Users\TTPL-RT-40\.m2\repository\org\freemarker\freemarker\2.3.30\freemarker-2.3.30.jar;C:\Users\TTPL-RT-40\.m2\repository\org\seleniumhq\selenium\selenium-firefox-driver\4.11.0\selenium-firefox-driver-4.11.0.jar;C:\Users\TTPL-RT-40\.m2\repository\org\json\json\20230618\json-20230618.jar;"/>
    <property name="sun.cpu.endian" value="little"/>
    <property name="user.home" value="C:\Users\TTPL-RT-40"/>
    <property name="user.language" value="en"/>
    <property name="java.specification.vendor" value="Oracle Corporation"/>
    <property name="java.version.date" value="2023-07-18"/>
    <property name="java.home" value="C:\Program Files\Java\jdk-17"/>
    <property name="file.separator" value="\"/>
    <property name="basedir" value="C:\Users\TTPL-RT-40\Desktop\AutomationFramework-1.0"/>
    <property name="java.vm.compressedOopsMode" value="32-bit"/>
    <property name="line.separator" value="&#10;"/>
    <property name="java.vm.specification.vendor" value="Oracle Corporation"/>
    <property name="java.specification.name" value="Java Platform API Specification"/>
    <property name="surefire.real.class.path" value="C:\Users\TTPL-RT-40\AppData\Local\Temp\surefire3457820562717756553\surefirebooter-20231017175114552_3.jar"/>
    <property name="user.script" value=""/>
    <property name="sun.management.compiler" value="HotSpot 64-Bit Tiered Compilers"/>
    <property name="java.runtime.version" value="17.0.8+9-LTS-211"/>
    <property name="user.name" value="TTPL-RT-40"/>
    <property name="path.separator" value=";"/>
    <property name="os.version" value="10.0"/>
    <property name="java.runtime.name" value="Java(TM) SE Runtime Environment"/>
    <property name="file.encoding" value="Cp1252"/>
    <property name="java.vm.name" value="Java HotSpot(TM) 64-Bit Server VM"/>
    <property name="localRepository" value="C:\Users\TTPL-RT-40\.m2\repository"/>
    <property name="java.vendor.url.bug" value="https://bugreport.java.com/bugreport/"/>
    <property name="java.io.tmpdir" value="C:\Users\TTPL-R~1\AppData\Local\Temp\"/>
    <property name="java.version" value="17.0.8"/>
    <property name="user.dir" value="C:\Users\TTPL-RT-40\Desktop\AutomationFramework-1.0"/>
    <property name="os.arch" value="amd64"/>
    <property name="java.vm.specification.name" value="Java Virtual Machine Specification"/>
    <property name="java.util.logging.SimpleFormatter.format" value="[%1$tF %1$tT] [%4$-7s] %5$s %n"/>
    <property name="sun.os.patch.level" value=""/>
    <property name="native.encoding" value="Cp1252"/>
    <property name="java.library.path" value="C:\Program Files\Java\jdk-17\bin;C:\WINDOWS\Sun\Java\bin;C:\WINDOWS\system32;C:\WINDOWS;C:\Program Files\Common Files\Oracle\Java\javapath;C:\WINDOWS\system32;C:\WINDOWS;C:\WINDOWS\System32\Wbem;C:\WINDOWS\System32\WindowsPowerShell\v1.0\;C:\WINDOWS\System32\OpenSSH\;C:\Program Files\PuTTY\;C:\Program Files\nodejs\;C:\Program Files (x86)\dotnet\;C:\Program Files\Git\cmd;C:\Program Files\apache-maven-3.9.5\bin;C:\Users\TTPL-RT-40\AppData\Local\Microsoft\WindowsApps;C:\Program Files\TestProject Agent;C:\Users\TTPL-RT-40\AppData\Roaming\npm;C:\Program Files (x86)\Sophos\Sophos SSL VPN Client\bin;C:\Users\TTPL-RT-40\AppData\Local\Android\Sdk\platform-tools;;C:\Users\TTPL-RT-40\AppData\Local\Programs\Microsoft VS Code\bin;."/>
    <property name="java.vm.info" value="mixed mode, sharing"/>
    <property name="java.vendor" value="Oracle Corporation"/>
    <property name="java.vm.version" value="17.0.8+9-LTS-211"/>
    <property name="sun.io.unicode.encoding" value="UnicodeLittle"/>
    <property name="java.class.version" value="61.0"/>
  </properties>
  <testcase name="LM_L_LIP[eg_admin, EgAdmiN1, public void pom.test.Ip_Login_Test.LM_L_LIP(java.lang.String,java.lang.String,java.lang.reflect.Method)](1)" classname="pom.test.Ip_Login_Test" time="9.569">
    <system-out><![CDATA[======>>>> LOG_FILE_NAME from Constants 
======:::: LOG_FILE_NAME -23-10-17_175116.log
======:::: LOG_FILE_DIR .\logs\20231017_175116\
Creating directory: .\logs\20231017_175116\
Creating directory: .\logs\20231017_175116\
]]></system-out>
    <system-err><![CDATA[SLF4J: No SLF4J providers were found.
SLF4J: Defaulting to no-operation (NOP) logger implementation
SLF4J: See https://www.slf4j.org/codes.html#noProviders for further details.
[2023-10-17 17:51:16] [INFO   ] Generating Test Report 
[2023-10-17 17:51:17] [INFO   ] Generating test report 
[2023-10-17 17:51:17] [INFO   ] Generating test report 
[2023-10-17 17:51:17] [INFO   ] Fetching data from the data provider 'EG_login' 
[2023-10-17 17:51:19] [INFO   ] Setting up the browser... 
[2023-10-17 17:52:05] [WARNING] Unable to find an exact match for CDP version 116, so returning the closest version found: 115 
[2023-10-17 17:52:09] [INFO   ] Started measuring time 2023-10-17T12:22:09.771275700Z 
[2023-10-17 17:52:09] [INFO   ] Executing LM_L_LIP Test Cases 
[2023-10-17 17:52:09] [INFO   ] Executing login test cases... 
[2023-10-17 17:52:09] [INFO   ] Entering username: eg_admin 
[2023-10-17 17:52:12] [INFO   ] Entering password... 
[2023-10-17 17:52:12] [INFO   ] Clicking on login button... 
[2023-10-17 17:52:17] [INFO   ] Clicking Logout... 
[2023-10-17 17:52:19] [INFO   ] IP Login test cases executed successfully. 
[2023-10-17 17:52:19] [INFO   ] LM_L_LIP Test Cases Execution Completed 
[2023-10-17 17:52:19] [INFO   ] Time elapsed - [In milli-seconds: 9546] [In seconds:9.546] 
]]></system-err>
  </testcase>
  <testcase name="LM_L_LP[varunb_b_9960051486, @6qFUHkji, public void pom.test.Prerak_Login_Test.LM_L_LP(java.lang.String,java.lang.String,java.lang.reflect.Method)](1)" classname="pom.test.Prerak_Login_Test" time="5.322">
    <failure message="expected [Welcome Varun,] but found [Welcome VarunVarun,]" type="java.lang.AssertionError"><![CDATA[java.lang.AssertionError: expected [Welcome Varun,] but found [Welcome VarunVarun,]
	at org.testng.Assert.fail(Assert.java:111)
	at org.testng.Assert.failNotEquals(Assert.java:1578)
	at org.testng.Assert.assertEqualsImpl(Assert.java:150)
	at org.testng.Assert.assertEquals(Assert.java:132)
	at org.testng.Assert.assertEquals(Assert.java:656)
	at org.testng.Assert.assertEquals(Assert.java:666)
	at pom.Prerak_Login.loginTestCases(Prerak_Login.java:97)
	at pom.test.Prerak_Login_Test.LM_L_LP(Prerak_Login_Test.java:85)
	at java.base/jdk.internal.reflect.NativeMethodAccessorImpl.invoke0(Native Method)
	at java.base/jdk.internal.reflect.NativeMethodAccessorImpl.invoke(NativeMethodAccessorImpl.java:77)
	at java.base/jdk.internal.reflect.DelegatingMethodAccessorImpl.invoke(DelegatingMethodAccessorImpl.java:43)
	at java.base/java.lang.reflect.Method.invoke(Method.java:568)
	at org.testng.internal.invokers.MethodInvocationHelper.invokeMethod(MethodInvocationHelper.java:139)
	at org.testng.internal.invokers.TestInvoker.invokeMethod(TestInvoker.java:664)
	at org.testng.internal.invokers.TestInvoker.invokeTestMethod(TestInvoker.java:227)
	at org.testng.internal.invokers.MethodRunner.runInSequence(MethodRunner.java:50)
	at org.testng.internal.invokers.TestInvoker$MethodInvocationAgent.invoke(TestInvoker.java:957)
	at org.testng.internal.invokers.TestInvoker.invokeTestMethods(TestInvoker.java:200)
	at org.testng.internal.invokers.TestMethodWorker.invokeTestMethods(TestMethodWorker.java:148)
	at org.testng.internal.invokers.TestMethodWorker.run(TestMethodWorker.java:128)
	at java.base/java.util.ArrayList.forEach(ArrayList.java:1511)
	at org.testng.TestRunner.privateRun(TestRunner.java:848)
	at org.testng.TestRunner.run(TestRunner.java:621)
	at org.testng.SuiteRunner.runTest(SuiteRunner.java:443)
	at org.testng.SuiteRunner.runSequentially(SuiteRunner.java:437)
	at org.testng.SuiteRunner.privateRun(SuiteRunner.java:397)
	at org.testng.SuiteRunner.run(SuiteRunner.java:336)
	at org.testng.SuiteRunnerWorker.runSuite(SuiteRunnerWorker.java:52)
	at org.testng.SuiteRunnerWorker.run(SuiteRunnerWorker.java:95)
	at org.testng.TestNG.runSuitesSequentially(TestNG.java:1280)
	at org.testng.TestNG.runSuitesLocally(TestNG.java:1200)
	at org.testng.TestNG.runSuites(TestNG.java:1114)
	at org.testng.TestNG.run(TestNG.java:1082)
	at org.apache.maven.surefire.testng.TestNGExecutor.run(TestNGExecutor.java:308)
	at org.apache.maven.surefire.testng.TestNGXmlTestSuite.execute(TestNGXmlTestSuite.java:71)
	at org.apache.maven.surefire.testng.TestNGProvider.invoke(TestNGProvider.java:113)
	at org.apache.maven.surefire.booter.ForkedBooter.runSuitesInProcess(ForkedBooter.java:385)
	at org.apache.maven.surefire.booter.ForkedBooter.execute(ForkedBooter.java:162)
	at org.apache.maven.surefire.booter.ForkedBooter.run(ForkedBooter.java:507)
	at org.apache.maven.surefire.booter.ForkedBooter.main(ForkedBooter.java:495)
]]></failure>
    <system-err><![CDATA[[2023-10-17 17:52:19] [WARNING] Connection reset 
[2023-10-17 17:52:19] [INFO   ] Fetching data from the data provider 'prerak_login' 
[2023-10-17 17:52:20] [INFO   ] Setting up the browser... 
[2023-10-17 17:52:21] [WARNING] Unable to find an exact match for CDP version 116, so returning the closest version found: 115 
[2023-10-17 17:52:22] [INFO   ] Started measuring time 2023-10-17T12:22:22.210795200Z 
[2023-10-17 17:52:22] [INFO   ] Executing LM_L_LP method 
[2023-10-17 17:52:22] [INFO   ] Executing prerak login LM_L_LP test 
[2023-10-17 17:52:22] [INFO   ] Entering username: varunb_b_9960051486 
[2023-10-17 17:52:24] [INFO   ] Entering password... 
[2023-10-17 17:52:24] [INFO   ] Clicking on login button... 
]]></system-err>
  </testcase>
  <testcase name="PM_PPE_PP_PrerakHome[public void pom.test.Prerak_Edit_Test.PM_PPE_PP_PrerakHome(java.lang.reflect.Method)](1)" classname="pom.test.Prerak_Edit_Test" time="22.381">
    <system-out><![CDATA[Prerak login Test LM_L_LP 20231017_175116
]]></system-out>
    <system-err><![CDATA[[2023-10-17 17:52:27] [WARNING] Test LM_L_LP failed. Capturing screenshot... 
[2023-10-17 17:52:28] [WARNING] Connection reset 
[2023-10-17 17:52:28] [INFO   ] Setting up the browser... 
[2023-10-17 17:52:29] [WARNING] Unable to find an exact match for CDP version 116, so returning the closest version found: 115 
[2023-10-17 17:52:30] [INFO   ] Started measuring time 2023-10-17T12:22:30.243620500Z 
[2023-10-17 17:52:30] [INFO   ] PM_PPE_PP_PrerakHome method 
[2023-10-17 17:52:30] [INFO   ] Executing common login... 
[2023-10-17 17:52:30] [INFO   ] Entering username: varunb_b_9960051486 
[2023-10-17 17:52:32] [INFO   ] Entering password... 
[2023-10-17 17:52:32] [INFO   ] Clicking on login button... 
[2023-10-17 17:52:33] [INFO   ] Common login executed successfully. 
[2023-10-17 17:52:33] [INFO   ] Executing PM_PPE_PP_PrerakProfileEdit test cases... 
[2023-10-17 17:52:35] [INFO   ] Clicking sidebar 
[2023-10-17 17:52:36] [INFO   ] Clicking Profile 
[2023-10-17 17:52:39] [INFO   ] Clicking editBasicDetails 
[2023-10-17 17:52:40] [INFO   ] Clicking editName 
[2023-10-17 17:52:42] [INFO   ] Clicking editContactDetails 
[2023-10-17 17:52:44] [INFO   ] Clicking editAddressDetails 
[2023-10-17 17:52:47] [INFO   ] Clicking editPersonalDetails 
[2023-10-17 17:52:48] [INFO   ] Clicking editReferenceDetails 
[2023-10-17 17:52:50] [INFO   ] Clicking editOtherDetails 
[2023-10-17 17:52:52] [INFO   ] PM_PPE_PP_PrerakProfileEdit executed successfully. 
[2023-10-17 17:52:52] [INFO   ] Test case execution completed 
[2023-10-17 17:52:52] [INFO   ] Time elapsed - [In milli-seconds: 22370] [In seconds:22.37] 
]]></system-err>
  </testcase>
  <testcase name="PM_PPE_PP_EditPrerakDetails_editName[Varun, Vishwas, Bhosale, 1995, 04, 16, public void pom.test.Prerak_Edit_Test.PM_PPE_PP_EditPrerakDetails_editName(java.lang.String,java.lang.String,java.lang.String,java.lang.String,java.lang.String,java.lang.String,java.lang.reflect.Method)](1)" classname="pom.test.Prerak_Edit_Test" time="22.483">
    <system-err><![CDATA[[2023-10-17 17:52:52] [WARNING] Connection reset 
[2023-10-17 17:52:52] [INFO   ] Fetching data from the data provider 'editName' 
[2023-10-17 17:52:52] [INFO   ] Setting up the browser... 
[2023-10-17 17:52:54] [WARNING] Unable to find an exact match for CDP version 116, so returning the closest version found: 115 
[2023-10-17 17:52:55] [INFO   ] Started measuring time 2023-10-17T12:22:55.243026800Z 
[2023-10-17 17:52:55] [INFO   ] EditPrerakDetails_PM_PPE_PP_editName method 
[2023-10-17 17:52:55] [INFO   ] Executing common login... 
[2023-10-17 17:52:55] [INFO   ] Entering username: varunb_b_9960051486 
[2023-10-17 17:52:57] [INFO   ] Entering password... 
[2023-10-17 17:52:58] [INFO   ] Clicking on login button... 
[2023-10-17 17:52:58] [INFO   ] Common login executed successfully. 
[2023-10-17 17:52:58] [INFO   ] Executing PM_PPE_PP_editName test cases... 
[2023-10-17 17:53:00] [INFO   ] Clicking sidebar 
[2023-10-17 17:53:01] [INFO   ] Clicking Profile 
[2023-10-17 17:53:04] [INFO   ] Clicking editBasicDetails 
[2023-10-17 17:53:06] [INFO   ] Clicking editName 
[2023-10-17 17:53:07] [INFO   ] Entering First Name 
[2023-10-17 17:53:09] [INFO   ] Entering Middle Name 
[2023-10-17 17:53:11] [INFO   ] Entering Last Name 
[2023-10-17 17:53:12] [INFO   ] Selecting Year 
[2023-10-17 17:53:14] [INFO   ] Selecting Month 
[2023-10-17 17:53:15] [INFO   ] Selecting Day 
[2023-10-17 17:53:16] [INFO   ] Clicking Save 
[2023-10-17 17:53:17] [INFO   ] PM_PPE_PP_editName Test executed successfully. 
[2023-10-17 17:53:17] [INFO   ] PM_PPE_PP_editName Test case execution completed 
[2023-10-17 17:53:17] [INFO   ] Time elapsed - [In milli-seconds: 22475] [In seconds:22.475] 
]]></system-err>
  </testcase>
</testsuite>