<?xml version="1.0" encoding="UTF-8"?>
<!-- Generated by org.testng.reporters.JUnitReportReporter -->
<testsuite hostname="lt-045" failures="0" tests="1" name="pom.test.Prerak_Login_Test" time="5.093" errors="0" timestamp="2023-10-16T18:28:06 IST" skipped="0">
  <testcase classname="pom.test.Prerak_Login_Test" name="LM_L_LP" time="5.093"/>
</testsuite> <!-- pom.test.Prerak_Login_Test -->
