<?xml version="1.0" encoding="UTF-8"?>
<!-- Generated by org.testng.reporters.JUnitReportReporter -->
<testsuite hostname="lt-045" failures="0" tests="1" name="pom.test.Ip_Login_Test" time="7.388" errors="0" timestamp="2023-10-16T18:28:06 IST" skipped="0">
  <testcase classname="pom.test.Ip_Login_Test" name="LM_L_LIP" time="7.388"/>
</testsuite> <!-- pom.test.Ip_Login_Test -->
