<?xml version="1.0" encoding="UTF-8"?>
<!-- Generated by org.testng.reporters.JUnitReportReporter -->
<testsuite hostname="DESKTOP-KKJTQHG" failures="0" tests="1" name="pom.test.Ip_Login_Test" time="59.974" errors="0" timestamp="2023-10-17T17:53:18 IST" skipped="0">
  <testcase classname="pom.test.Ip_Login_Test" name="LM_L_LIP" time="59.974"/>
</testsuite> <!-- pom.test.Ip_Login_Test -->
