<?xml version="1.0" encoding="UTF-8"?>
<!-- Generated by org.testng.reporters.JUnitReportReporter -->
<testsuite hostname="DESKTOP-KKJTQHG" failures="0" tests="3" name="pom.test.Prerak_Edit_Test" time="49.464" errors="0" timestamp="2023-10-17T17:53:18 IST" skipped="1">
  <testcase classname="pom.test.Prerak_Edit_Test" name="PM_PPE_PP_PrerakHome" time="24.465"/>
  <testcase classname="pom.test.Prerak_Edit_Test" name="PM_PPE_PP_EditPrerakDetails_editName" time="24.999"/>
  <testcase classname="pom.test.Prerak_Edit_Test" name="PM_PPE_PP_EditPrerakDetails_editAddress">
    <skipped/>
  </testcase> <!-- PM_PPE_PP_EditPrerakDetails_editAddress -->
</testsuite> <!-- pom.test.Prerak_Edit_Test -->
